Created by PLY version 3.11 (http://www.dabeaz.com/ply)

Grammar

Rule 0     S' -> number
Rule 1     number -> NUM

Terminals, with rules where they appear

NUM                  : 1
error                : 

Nonterminals, with rules where they appear

number               : 0

Parsing method: LALR

state 0

    (0) S' -> . number
    (1) number -> . NUM

    NUM             shift and go to state 2

    number                         shift and go to state 1

state 1

    (0) S' -> number .



state 2

    (1) number -> NUM .

    $end            reduce using rule 1 (number -> NUM .)

